Abkhazia
Afghanistan
Aland
Albania
Algeria
American Samoa
Andorra
Angola
Anguilla
Antigua and Barbuda 
Argentina
Armenia
Aruba
Ascension Island
Australia
Austria
Azerbaijan
Bahamas
Bahrain
Bangladesh
Barbados 
Belarus
Belgium
Belize 
Benin
Bermuda
Bhutan
Bolivia
Bosnia and Herzegovina 
Botswana
Brazil
British Virgin Islands
Brunei
Bulgaria
Burkina Faso 
Burma
Burundi
Cambodia
Cameroon
Canada
Cape Verde
Cayman Islands
Central African Republic
Chad
Chile
China
ROC
Christmas Island
Cocos Islands
Cocos Keeling Islands
Colombia
Comoros
Congo
Cook Islands
Costa Rica
Cote d'Ivoire
Croatia
Cuba
Cyprus
Czech Republic
Denmark
Djibouti
Dominica
Dominican Republic 
East Timor
Ecuador
Egypt
El Salvador
Equatorial Guinea
Eritrea
Estonia
Ethiopia
Falkland Islands
Faroe Islands
Fiji
Finland
France
French Polynesia
Gabon
Gambia
Georgia
Germany
Ghana
Gibraltar
Greece
Greenland
Grenada 
Guam
Guatemala
Guernsey
Guinea
Guine
Guyana
Haiti
Honduras
Hong Kong
Hungary
Iceland
India
Indonesia
Iran
Iraq
Ireland
Israel
Italy
Ivory Coast
Jamaica 
Japan
Jersey
Jordan
Kazakhstan
Kenya
Kiribati
Korea
Kosovo
Kuwait
Kyrgyzstan
Laos
Latvia
Lebanon
Lesotho
Liberia
Libya
Liechtenstein
Lithuania
Luxembourg
Macau
Macedonia
Madagascar
Malawi
Malaysia
Maldives
Mali
Malta
Ire of Man
Marshall Islands
Mauritania
Mauritius
Mayotte
Mexico
Micronesia
Moldova
Monaco
Mongolia 
Montserrat
Morocco
Mozambique
Myanmar
Nagorn
Namibia
Nauru
Nepal
Netherlands
Netherlands Antilles
New Caledonia
New Zealand 
Nicaragua
Niger
Nigeria
Niue
Norfolk Island
Northern Cyprus
Northern Mariana Islands
North Korea
Norway
Oman
Pakistan
Palau
Palestine
Panama
Papua New Guinea
Paraguay
Peru
Philippines
Pitcairn Islands
Poland
Portugal
Puerto Rico
Qatar
Romania 
Russia
Rwanda
Sahara
Saint Helena
Saint Kitts and Nevis
Saint Lucia 
Saint Pierre and Miquelon
Saint Vincent and the Grenadines 
Samoa
San Marino
Sao Tome and Principe
Saudi Arabia
Senegal
Serbia and Montenegro
Seychelles
Sierra Leone
Singapore
Slovakia
Slovenia
Solomon Islands 
Somalia
Somaliland
South Africa
South Korea
South Ossetia
Spain
Sri Lanka
Sudan
Suriname
Svalbard
Swaziland
Sweden
Switzerland
Syria
Taiwan
Tajikistan
Tanzania
Thailand
Togo
Tonga
Transnistria
Trinidad and Tobago
Tristan da Cunha
Tunisia
Turkey
Turkmenistan 
Turks and Caicos Islands
Tuvalu 
Uganda
Ukraine 
United Arab Emirates 
United Kingdom
United States
United States Virgin Islands
Uruguay
Uzbekistan
Vanuatu
Vatican City
Venezuela
Vietnam
Virgin Islands
Wallis and Futuna
Western Sahara
Yemen
Zambia
Zimbabwe
